Configuring attoparsec-0.12.1.2...
Building attoparsec-0.12.1.2...
Preprocessing library attoparsec-0.12.1.2...
[ 1 of 21] Compiling Data.Attoparsec.Text.FastSet ( Data/Attoparsec/Text/FastSet.hs, dist/dist-sandbox-e922fd97/build/Data/Attoparsec/Text/FastSet.o )
[ 2 of 21] Compiling Data.Attoparsec.Text.Buffer ( Data/Attoparsec/Text/Buffer.hs, dist/dist-sandbox-e922fd97/build/Data/Attoparsec/Text/Buffer.o )
[ 3 of 21] Compiling Data.Attoparsec.Internal.Fhthagn ( Data/Attoparsec/Internal/Fhthagn.hs, dist/dist-sandbox-e922fd97/build/Data/Attoparsec/Internal/Fhthagn.o )
[ 4 of 21] Compiling Data.Attoparsec.ByteString.Buffer ( Data/Attoparsec/ByteString/Buffer.hs, dist/dist-sandbox-e922fd97/build/Data/Attoparsec/ByteString/Buffer.o )
[ 5 of 21] Compiling Data.Attoparsec.Zepto ( Data/Attoparsec/Zepto.hs, dist/dist-sandbox-e922fd97/build/Data/Attoparsec/Zepto.o )
[ 6 of 21] Compiling Data.Attoparsec.Number ( Data/Attoparsec/Number.hs, dist/dist-sandbox-e922fd97/build/Data/Attoparsec/Number.o )
[ 7 of 21] Compiling Data.Attoparsec.ByteString.FastSet ( Data/Attoparsec/ByteString/FastSet.hs, dist/dist-sandbox-e922fd97/build/Data/Attoparsec/ByteString/FastSet.o )
[ 8 of 21] Compiling Data.Attoparsec.Internal.Types ( Data/Attoparsec/Internal/Types.hs, dist/dist-sandbox-e922fd97/build/Data/Attoparsec/Internal/Types.o )
[ 9 of 21] Compiling Data.Attoparsec.Types ( Data/Attoparsec/Types.hs, dist/dist-sandbox-e922fd97/build/Data/Attoparsec/Types.o )
[10 of 21] Compiling Data.Attoparsec.Internal ( Data/Attoparsec/Internal.hs, dist/dist-sandbox-e922fd97/build/Data/Attoparsec/Internal.o )
[11 of 21] Compiling Data.Attoparsec.Combinator ( Data/Attoparsec/Combinator.hs, dist/dist-sandbox-e922fd97/build/Data/Attoparsec/Combinator.o )
[12 of 21] Compiling Data.Attoparsec.ByteString.Internal ( Data/Attoparsec/ByteString/Internal.hs, dist/dist-sandbox-e922fd97/build/Data/Attoparsec/ByteString/Internal.o )
[13 of 21] Compiling Data.Attoparsec.Text.Internal ( Data/Attoparsec/Text/Internal.hs, dist/dist-sandbox-e922fd97/build/Data/Attoparsec/Text/Internal.o )
[14 of 21] Compiling Data.Attoparsec.Text ( Data/Attoparsec/Text.hs, dist/dist-sandbox-e922fd97/build/Data/Attoparsec/Text.o )
[15 of 21] Compiling Data.Attoparsec.Text.Lazy ( Data/Attoparsec/Text/Lazy.hs, dist/dist-sandbox-e922fd97/build/Data/Attoparsec/Text/Lazy.o )
[16 of 21] Compiling Data.Attoparsec.ByteString ( Data/Attoparsec/ByteString.hs, dist/dist-sandbox-e922fd97/build/Data/Attoparsec/ByteString.o )
[17 of 21] Compiling Data.Attoparsec.ByteString.Char8 ( Data/Attoparsec/ByteString/Char8.hs, dist/dist-sandbox-e922fd97/build/Data/Attoparsec/ByteString/Char8.o )
[18 of 21] Compiling Data.Attoparsec.Char8 ( Data/Attoparsec/Char8.hs, dist/dist-sandbox-e922fd97/build/Data/Attoparsec/Char8.o )
[19 of 21] Compiling Data.Attoparsec.ByteString.Lazy ( Data/Attoparsec/ByteString/Lazy.hs, dist/dist-sandbox-e922fd97/build/Data/Attoparsec/ByteString/Lazy.o )
[20 of 21] Compiling Data.Attoparsec.Lazy ( Data/Attoparsec/Lazy.hs, dist/dist-sandbox-e922fd97/build/Data/Attoparsec/Lazy.o )
[21 of 21] Compiling Data.Attoparsec  ( Data/Attoparsec.hs, dist/dist-sandbox-e922fd97/build/Data/Attoparsec.o )
[ 1 of 21] Compiling Data.Attoparsec.Text.FastSet ( Data/Attoparsec/Text/FastSet.hs, dist/dist-sandbox-e922fd97/build/Data/Attoparsec/Text/FastSet.p_o )
[ 2 of 21] Compiling Data.Attoparsec.Text.Buffer ( Data/Attoparsec/Text/Buffer.hs, dist/dist-sandbox-e922fd97/build/Data/Attoparsec/Text/Buffer.p_o )
[ 3 of 21] Compiling Data.Attoparsec.Internal.Fhthagn ( Data/Attoparsec/Internal/Fhthagn.hs, dist/dist-sandbox-e922fd97/build/Data/Attoparsec/Internal/Fhthagn.p_o )
[ 4 of 21] Compiling Data.Attoparsec.ByteString.Buffer ( Data/Attoparsec/ByteString/Buffer.hs, dist/dist-sandbox-e922fd97/build/Data/Attoparsec/ByteString/Buffer.p_o )
[ 5 of 21] Compiling Data.Attoparsec.Zepto ( Data/Attoparsec/Zepto.hs, dist/dist-sandbox-e922fd97/build/Data/Attoparsec/Zepto.p_o )
[ 6 of 21] Compiling Data.Attoparsec.Number ( Data/Attoparsec/Number.hs, dist/dist-sandbox-e922fd97/build/Data/Attoparsec/Number.p_o )
[ 7 of 21] Compiling Data.Attoparsec.ByteString.FastSet ( Data/Attoparsec/ByteString/FastSet.hs, dist/dist-sandbox-e922fd97/build/Data/Attoparsec/ByteString/FastSet.p_o )
[ 8 of 21] Compiling Data.Attoparsec.Internal.Types ( Data/Attoparsec/Internal/Types.hs, dist/dist-sandbox-e922fd97/build/Data/Attoparsec/Internal/Types.p_o )
[ 9 of 21] Compiling Data.Attoparsec.Types ( Data/Attoparsec/Types.hs, dist/dist-sandbox-e922fd97/build/Data/Attoparsec/Types.p_o )
[10 of 21] Compiling Data.Attoparsec.Internal ( Data/Attoparsec/Internal.hs, dist/dist-sandbox-e922fd97/build/Data/Attoparsec/Internal.p_o )
[11 of 21] Compiling Data.Attoparsec.Combinator ( Data/Attoparsec/Combinator.hs, dist/dist-sandbox-e922fd97/build/Data/Attoparsec/Combinator.p_o )
[12 of 21] Compiling Data.Attoparsec.ByteString.Internal ( Data/Attoparsec/ByteString/Internal.hs, dist/dist-sandbox-e922fd97/build/Data/Attoparsec/ByteString/Internal.p_o )
[13 of 21] Compiling Data.Attoparsec.Text.Internal ( Data/Attoparsec/Text/Internal.hs, dist/dist-sandbox-e922fd97/build/Data/Attoparsec/Text/Internal.p_o )
[14 of 21] Compiling Data.Attoparsec.Text ( Data/Attoparsec/Text.hs, dist/dist-sandbox-e922fd97/build/Data/Attoparsec/Text.p_o )
[15 of 21] Compiling Data.Attoparsec.Text.Lazy ( Data/Attoparsec/Text/Lazy.hs, dist/dist-sandbox-e922fd97/build/Data/Attoparsec/Text/Lazy.p_o )
[16 of 21] Compiling Data.Attoparsec.ByteString ( Data/Attoparsec/ByteString.hs, dist/dist-sandbox-e922fd97/build/Data/Attoparsec/ByteString.p_o )
[17 of 21] Compiling Data.Attoparsec.ByteString.Char8 ( Data/Attoparsec/ByteString/Char8.hs, dist/dist-sandbox-e922fd97/build/Data/Attoparsec/ByteString/Char8.p_o )
[18 of 21] Compiling Data.Attoparsec.Char8 ( Data/Attoparsec/Char8.hs, dist/dist-sandbox-e922fd97/build/Data/Attoparsec/Char8.p_o )
[19 of 21] Compiling Data.Attoparsec.ByteString.Lazy ( Data/Attoparsec/ByteString/Lazy.hs, dist/dist-sandbox-e922fd97/build/Data/Attoparsec/ByteString/Lazy.p_o )
[20 of 21] Compiling Data.Attoparsec.Lazy ( Data/Attoparsec/Lazy.hs, dist/dist-sandbox-e922fd97/build/Data/Attoparsec/Lazy.p_o )
[21 of 21] Compiling Data.Attoparsec  ( Data/Attoparsec.hs, dist/dist-sandbox-e922fd97/build/Data/Attoparsec.p_o )
In-place registering attoparsec-0.12.1.2...
Creating package registration file: /tmp/pkgConf-attoparsec-0.12.17891.2
Installing library in
/home/pold/Dropbox/Uni/Radboud/Text_Mining/Haggressive/.cabal-sandbox/lib/x86_64-linux-ghc-7.8.3/attoparsec-0.12.1.2
Registering attoparsec-0.12.1.2...
