Configuring heap-1.0.0...
Building heap-1.0.0...
Preprocessing library heap-1.0.0...
[1 of 3] Compiling Data.Heap.Internal ( Data/Heap/Internal.hs, dist/dist-sandbox-e922fd97/build/Data/Heap/Internal.o )
[2 of 3] Compiling Data.Heap.Item   ( Data/Heap/Item.hs, dist/dist-sandbox-e922fd97/build/Data/Heap/Item.o )

Data/Heap/Item.hs:187:11: Warning:
    Rule "splitF/split" may never fire
      because ‘splitF’ might inline first
    Probable fix: add an INLINE[n] or NOINLINE[n] pragma on ‘splitF’
[3 of 3] Compiling Data.Heap        ( Data/Heap.hs, dist/dist-sandbox-e922fd97/build/Data/Heap.o )
[1 of 3] Compiling Data.Heap.Internal ( Data/Heap/Internal.hs, dist/dist-sandbox-e922fd97/build/Data/Heap/Internal.p_o )
[2 of 3] Compiling Data.Heap.Item   ( Data/Heap/Item.hs, dist/dist-sandbox-e922fd97/build/Data/Heap/Item.p_o )

Data/Heap/Item.hs:187:11: Warning:
    Rule "splitF/split" may never fire
      because ‘splitF’ might inline first
    Probable fix: add an INLINE[n] or NOINLINE[n] pragma on ‘splitF’
[3 of 3] Compiling Data.Heap        ( Data/Heap.hs, dist/dist-sandbox-e922fd97/build/Data/Heap.p_o )
In-place registering heap-1.0.0...
Creating package registration file: /tmp/pkgConf-heap-1.07891.0
Installing library in
/home/pold/Dropbox/Uni/Radboud/Text_Mining/Haggressive/.cabal-sandbox/lib/x86_64-linux-ghc-7.8.3/heap-1.0.0
Registering heap-1.0.0...
