Configuring tf-random-0.5...
Building tf-random-0.5...
Preprocessing library tf-random-0.5...
[1 of 4] Compiling System.Random.TF.Gen ( src/System/Random/TF/Gen.hs, dist/dist-sandbox-e922fd97/build/System/Random/TF/Gen.o )
[2 of 4] Compiling System.Random.TF.Init ( src/System/Random/TF/Init.hs, dist/dist-sandbox-e922fd97/build/System/Random/TF/Init.o )

src/System/Random/TF/Init.hs:94:5: Warning:
    In the use of ‘bitSize’ (imported from Data.Bits):
    Deprecated: "Use 'bitSizeMaybe' or 'finiteBitSize' instead"
[3 of 4] Compiling System.Random.TF.Instances ( src/System/Random/TF/Instances.hs, dist/dist-sandbox-e922fd97/build/System/Random/TF/Instances.o )
[4 of 4] Compiling System.Random.TF ( src/System/Random/TF.hs, dist/dist-sandbox-e922fd97/build/System/Random/TF.o )
[1 of 4] Compiling System.Random.TF.Gen ( src/System/Random/TF/Gen.hs, dist/dist-sandbox-e922fd97/build/System/Random/TF/Gen.p_o )
[2 of 4] Compiling System.Random.TF.Init ( src/System/Random/TF/Init.hs, dist/dist-sandbox-e922fd97/build/System/Random/TF/Init.p_o )

src/System/Random/TF/Init.hs:94:5: Warning:
    In the use of ‘bitSize’ (imported from Data.Bits):
    Deprecated: "Use 'bitSizeMaybe' or 'finiteBitSize' instead"
[3 of 4] Compiling System.Random.TF.Instances ( src/System/Random/TF/Instances.hs, dist/dist-sandbox-e922fd97/build/System/Random/TF/Instances.p_o )
[4 of 4] Compiling System.Random.TF ( src/System/Random/TF.hs, dist/dist-sandbox-e922fd97/build/System/Random/TF.p_o )
In-place registering tf-random-0.5...
Creating package registration file: /tmp/pkgConf-tf-random-07891.5
Installing library in
/home/pold/Dropbox/Uni/Radboud/Text_Mining/Haggressive/.cabal-sandbox/lib/x86_64-linux-ghc-7.8.3/tf-random-0.5
Registering tf-random-0.5...
